2018.06.28 10:28:14 CST INFO  org.springframework.boot.StartupInfoLogger 48 logStarting - Starting App on DESKTOP-F2E2N09 with PID 15060 (E:\IDEA_WORKSPACE\spdb01\target\classes started by zh-ma in E:\IDEA_WORKSPACE\spdb01)
2018.06.28 10:28:14 CST INFO  org.springframework.boot.SpringApplication 597 logStartupProfileInfo - The following profiles are active: dev
2018.06.28 10:28:14 CST INFO  org.hibernate.validator.internal.util.Version 30 <clinit> - HV000001: Hibernate Validator 5.4.1.Final
2018.06.28 10:28:15 CST INFO  org.springframework.context.support.AbstractApplicationContext 583 prepareRefresh - Refreshing org.springframework.boot.context.embedded.AnnotationConfigEmbeddedWebApplicationContext@4278284b: startup date [Thu Jun 28 10:28:15 CST 2018]; root of context hierarchy
2018.06.28 10:28:19 CST INFO  org.springframework.context.support.PostProcessorRegistrationDelegate$BeanPostProcessorChecker 327 postProcessAfterInitialization - Bean 'org.springframework.transaction.annotation.ProxyTransactionManagementConfiguration' of type [org.springframework.transaction.annotation.ProxyTransactionManagementConfiguration$$EnhancerBySpringCGLIB$$ca352d02] is not eligible for getting processed by all BeanPostProcessors (for example: not eligible for auto-proxying)
2018.06.28 10:28:19 CST INFO  org.springframework.context.support.PostProcessorRegistrationDelegate$BeanPostProcessorChecker 327 postProcessAfterInitialization - Bean 'mybatis-org.mybatis.spring.boot.autoconfigure.MybatisProperties' of type [org.mybatis.spring.boot.autoconfigure.MybatisProperties] is not eligible for getting processed by all BeanPostProcessors (for example: not eligible for auto-proxying)
2018.06.28 10:28:19 CST INFO  org.springframework.context.support.PostProcessorRegistrationDelegate$BeanPostProcessorChecker 327 postProcessAfterInitialization - Bean 'org.mybatis.spring.boot.autoconfigure.MybatisAutoConfiguration' of type [org.mybatis.spring.boot.autoconfigure.MybatisAutoConfiguration$$EnhancerBySpringCGLIB$$fd097e32] is not eligible for getting processed by all BeanPostProcessors (for example: not eligible for auto-proxying)
2018.06.28 10:28:19 CST INFO  org.springframework.context.support.PostProcessorRegistrationDelegate$BeanPostProcessorChecker 327 postProcessAfterInitialization - Bean 'druidDataSourceConfig' of type [com.logictech.config.DruidDataSourceConfig$$EnhancerBySpringCGLIB$$731b1a0b] is not eligible for getting processed by all BeanPostProcessors (for example: not eligible for auto-proxying)
2018.06.28 10:28:19 CST INFO  com.logictech.config.DruidDataSourceConfig 38 dataSource - init Druid Servlet Configuration 
2018.06.28 10:28:19 CST INFO  org.springframework.context.support.PostProcessorRegistrationDelegate$BeanPostProcessorChecker 327 postProcessAfterInitialization - Bean 'dataSource' of type [com.alibaba.druid.pool.DruidDataSource] is not eligible for getting processed by all BeanPostProcessors (for example: not eligible for auto-proxying)
2018.06.28 10:28:19 CST INFO  org.springframework.context.support.PostProcessorRegistrationDelegate$BeanPostProcessorChecker 327 postProcessAfterInitialization - Bean 'org.springframework.boot.autoconfigure.jdbc.DataSourceAutoConfiguration' of type [org.springframework.boot.autoconfigure.jdbc.DataSourceAutoConfiguration$$EnhancerBySpringCGLIB$$ac28d062] is not eligible for getting processed by all BeanPostProcessors (for example: not eligible for auto-proxying)
2018.06.28 10:28:20 CST INFO  org.springframework.context.support.PostProcessorRegistrationDelegate$BeanPostProcessorChecker 327 postProcessAfterInitialization - Bean 'spring.datasource-org.springframework.boot.autoconfigure.jdbc.DataSourceProperties' of type [org.springframework.boot.autoconfigure.jdbc.DataSourceProperties] is not eligible for getting processed by all BeanPostProcessors (for example: not eligible for auto-proxying)
2018.06.28 10:28:20 CST INFO  org.springframework.context.support.PostProcessorRegistrationDelegate$BeanPostProcessorChecker 327 postProcessAfterInitialization - Bean 'dataSourceInitializer' of type [org.springframework.boot.autoconfigure.jdbc.DataSourceInitializer] is not eligible for getting processed by all BeanPostProcessors (for example: not eligible for auto-proxying)
2018.06.28 10:28:20 CST INFO  org.springframework.context.support.PostProcessorRegistrationDelegate$BeanPostProcessorChecker 327 postProcessAfterInitialization - Bean 'sqlSessionFactory' of type [org.apache.ibatis.session.defaults.DefaultSqlSessionFactory] is not eligible for getting processed by all BeanPostProcessors (for example: not eligible for auto-proxying)
2018.06.28 10:28:20 CST INFO  org.springframework.context.support.PostProcessorRegistrationDelegate$BeanPostProcessorChecker 327 postProcessAfterInitialization - Bean 'sqlSessionTemplate' of type [org.mybatis.spring.SqlSessionTemplate] is not eligible for getting processed by all BeanPostProcessors (for example: not eligible for auto-proxying)
2018.06.28 10:28:20 CST INFO  org.springframework.context.support.PostProcessorRegistrationDelegate$BeanPostProcessorChecker 327 postProcessAfterInitialization - Bean 'sysTokenMapper' of type [org.mybatis.spring.mapper.MapperFactoryBean] is not eligible for getting processed by all BeanPostProcessors (for example: not eligible for auto-proxying)
2018.06.28 10:28:20 CST INFO  org.springframework.context.support.PostProcessorRegistrationDelegate$BeanPostProcessorChecker 327 postProcessAfterInitialization - Bean 'sysTokenMapper' of type [com.sun.proxy.$Proxy89] is not eligible for getting processed by all BeanPostProcessors (for example: not eligible for auto-proxying)
2018.06.28 10:28:20 CST INFO  org.springframework.context.support.PostProcessorRegistrationDelegate$BeanPostProcessorChecker 327 postProcessAfterInitialization - Bean 'commonService' of type [com.logictech.service.CommonService] is not eligible for getting processed by all BeanPostProcessors (for example: not eligible for auto-proxying)
2018.06.28 10:28:20 CST INFO  org.springframework.context.support.PostProcessorRegistrationDelegate$BeanPostProcessorChecker 327 postProcessAfterInitialization - Bean 'currentUserInterceptorConfig' of type [com.logictech.config.CurrentUserInterceptorConfig] is not eligible for getting processed by all BeanPostProcessors (for example: not eligible for auto-proxying)
2018.06.28 10:28:20 CST INFO  org.springframework.context.support.PostProcessorRegistrationDelegate$BeanPostProcessorChecker 327 postProcessAfterInitialization - Bean 'userInfoMapper' of type [org.mybatis.spring.mapper.MapperFactoryBean] is not eligible for getting processed by all BeanPostProcessors (for example: not eligible for auto-proxying)
2018.06.28 10:28:20 CST INFO  org.springframework.context.support.PostProcessorRegistrationDelegate$BeanPostProcessorChecker 327 postProcessAfterInitialization - Bean 'userInfoMapper' of type [com.sun.proxy.$Proxy91] is not eligible for getting processed by all BeanPostProcessors (for example: not eligible for auto-proxying)
2018.06.28 10:28:20 CST INFO  org.springframework.context.support.PostProcessorRegistrationDelegate$BeanPostProcessorChecker 327 postProcessAfterInitialization - Bean 'userServiceImpl' of type [com.logictech.service.impl.UserServiceImpl] is not eligible for getting processed by all BeanPostProcessors (for example: not eligible for auto-proxying)
2018.06.28 10:28:20 CST INFO  org.springframework.context.support.PostProcessorRegistrationDelegate$BeanPostProcessorChecker 327 postProcessAfterInitialization - Bean 'currentUserMonitor' of type [com.logictech.security.CurrentUserMonitor] is not eligible for getting processed by all BeanPostProcessors (for example: not eligible for auto-proxying)
2018.06.28 10:28:20 CST INFO  org.springframework.context.support.PostProcessorRegistrationDelegate$BeanPostProcessorChecker 327 postProcessAfterInitialization - Bean 'webMvcConfig' of type [com.logictech.config.WebMvcConfig$$EnhancerBySpringCGLIB$$81cb7d74] is not eligible for getting processed by all BeanPostProcessors (for example: not eligible for auto-proxying)
2018.06.28 10:28:20 CST INFO  org.springframework.boot.context.embedded.tomcat.TomcatEmbeddedServletContainer 89 initialize - Tomcat initialized with port(s): 10000 (http)
2018.06.28 10:28:20 CST INFO  org.apache.juli.logging.DirectJDKLog 179 log - Starting service [Tomcat]
2018.06.28 10:28:20 CST INFO  org.apache.juli.logging.DirectJDKLog 179 log - Starting Servlet Engine: Apache Tomcat/8.5.23
2018.06.28 10:28:21 CST INFO  org.apache.juli.logging.DirectJDKLog 179 log - Initializing Spring embedded WebApplicationContext
2018.06.28 10:28:21 CST INFO  org.springframework.boot.context.embedded.EmbeddedWebApplicationContext 276 prepareEmbeddedWebApplicationContext - Root WebApplicationContext: initialization completed in 5944 ms
2018.06.28 10:28:21 CST INFO  org.springframework.boot.web.servlet.ServletRegistrationBean 190 onStartup - Mapping servlet: 'statViewServlet' to [/dd/*]
2018.06.28 10:28:21 CST INFO  org.springframework.boot.web.servlet.ServletRegistrationBean 190 onStartup - Mapping servlet: 'dispatcherServlet' to [/]
2018.06.28 10:28:21 CST INFO  org.springframework.boot.web.servlet.AbstractFilterRegistrationBean 258 configure - Mapping filter: 'characterEncodingFilter' to: [/*]
2018.06.28 10:28:21 CST INFO  org.springframework.boot.web.servlet.AbstractFilterRegistrationBean 271 configure - Mapping filter: 'webStatFilter' to urls: [/*]
2018.06.28 10:28:21 CST INFO  org.springframework.boot.web.servlet.AbstractFilterRegistrationBean 258 configure - Mapping filter: 'resourceUrlEncodingFilter' to: [/*]
2018.06.28 10:28:21 CST INFO  org.springframework.web.servlet.handler.AbstractHandlerMethodMapping$MappingRegistry 543 register - Mapped "{[/error]}" onto public java.lang.String com.logictech.config.NotFoundPageConfig.handleError()
2018.06.28 10:28:21 CST INFO  org.springframework.web.servlet.handler.AbstractHandlerMethodMapping$MappingRegistry 543 register - Mapped "{[/admin/login]}" onto public java.util.Map<java.lang.String, java.lang.Object> com.logictech.web.AdminUserController.login(com.logictech.entity.dto.UserInfo) throws java.lang.Exception
2018.06.28 10:28:21 CST INFO  org.springframework.web.servlet.handler.AbstractHandlerMethodMapping$MappingRegistry 543 register - Mapped "{[/customer/deleteCustomer]}" onto public boolean com.logictech.web.CustomerController.deleteCustomer(com.logictech.entity.dto.UserInfo,com.logictech.entity.dto.CustomerInfo) throws java.lang.Exception
2018.06.28 10:28:21 CST INFO  org.springframework.web.servlet.handler.AbstractHandlerMethodMapping$MappingRegistry 543 register - Mapped "{[/customer/listCustomer]}" onto public java.util.List<com.logictech.entity.dto.CustomerInfo> com.logictech.web.CustomerController.listCustomer(com.logictech.entity.dto.UserInfo,java.lang.String) throws java.lang.Exception
2018.06.28 10:28:21 CST INFO  org.springframework.web.servlet.handler.AbstractHandlerMethodMapping$MappingRegistry 543 register - Mapped "{[/customer/getCustomer]}" onto public com.logictech.entity.dto.CustomerInfo com.logictech.web.CustomerController.getCustomer(java.lang.String) throws java.lang.Exception
2018.06.28 10:28:21 CST INFO  org.springframework.web.servlet.handler.AbstractHandlerMethodMapping$MappingRegistry 543 register - Mapped "{[/customer/initCustomer]}" onto public com.logictech.entity.dto.CustomerInfo com.logictech.web.CustomerController.initCustomer(java.lang.Integer) throws java.lang.Exception
2018.06.28 10:28:21 CST INFO  org.springframework.web.servlet.handler.AbstractHandlerMethodMapping$MappingRegistry 543 register - Mapped "{[/customer/modifyCustomer]}" onto public boolean com.logictech.web.CustomerController.modifyCustomer(com.logictech.entity.dto.UserInfo,com.logictech.entity.dto.CustomerInfo) throws java.lang.Exception
2018.06.28 10:28:21 CST INFO  org.springframework.web.servlet.handler.AbstractHandlerMethodMapping$MappingRegistry 543 register - Mapped "{[/customer/addCustomer]}" onto public boolean com.logictech.web.CustomerController.addCustomer(com.logictech.entity.dto.UserInfo,com.logictech.entity.dto.CustomerInfo) throws java.lang.Exception
2018.06.28 10:28:22 CST INFO  org.springframework.web.servlet.handler.AbstractUrlHandlerMapping 362 registerHandler - Mapped URL path [/**] onto handler of type [class org.springframework.web.servlet.resource.ResourceHttpRequestHandler]
2018.06.28 10:28:22 CST INFO  org.springframework.web.servlet.mvc.method.annotation.RequestMappingHandlerAdapter 534 initControllerAdviceCache - Looking for @ControllerAdvice: org.springframework.boot.context.embedded.AnnotationConfigEmbeddedWebApplicationContext@4278284b: startup date [Thu Jun 28 10:28:15 CST 2018]; root of context hierarchy
2018.06.28 10:28:22 CST INFO  org.springframework.web.servlet.mvc.method.annotation.RequestMappingHandlerAdapter 566 initControllerAdviceCache - Detected ResponseBodyAdvice bean in responseConfig
2018.06.28 10:28:22 CST INFO  org.springframework.web.servlet.mvc.method.annotation.ExceptionHandlerExceptionResolver 273 initExceptionHandlerAdviceCache - Detected @ExceptionHandler methods in globalExceptionConfig
2018.06.28 10:28:22 CST INFO  org.springframework.web.servlet.mvc.method.annotation.ExceptionHandlerExceptionResolver 279 initExceptionHandlerAdviceCache - Detected ResponseBodyAdvice implementation in responseConfig
2018.06.28 10:28:23 CST INFO  org.springframework.jmx.export.MBeanExporter 431 afterSingletonsInstantiated - Registering beans for JMX exposure on startup
2018.06.28 10:28:23 CST INFO  org.springframework.jmx.export.MBeanExporter 916 autodetect - Bean with name 'dataSource' has been autodetected for JMX exposure
2018.06.28 10:28:23 CST INFO  org.springframework.jmx.export.MBeanExporter 671 registerBeanInstance - Located MBean 'dataSource': registering with JMX server as MBean [com.alibaba.druid.pool:name=dataSource,type=DruidDataSource]
2018.06.28 10:28:23 CST INFO  org.apache.juli.logging.DirectJDKLog 179 log - Initializing ProtocolHandler ["http-nio-10000"]
2018.06.28 10:28:24 CST INFO  org.apache.juli.logging.DirectJDKLog 179 log - Starting ProtocolHandler ["http-nio-10000"]
2018.06.28 10:28:24 CST INFO  org.apache.juli.logging.DirectJDKLog 179 log - Pausing ProtocolHandler ["http-nio-10000"]
2018.06.28 10:28:24 CST INFO  org.apache.juli.logging.DirectJDKLog 179 log - Stopping service [Tomcat]
2018.06.28 10:28:24 CST INFO  org.apache.juli.logging.DirectJDKLog 179 log - The stop() method was called on component [StandardServer[-1]] after stop() had already been called. The second call will be ignored.
2018.06.28 10:28:24 CST INFO  org.apache.juli.logging.DirectJDKLog 179 log - Stopping ProtocolHandler ["http-nio-10000"]
2018.06.28 10:28:24 CST INFO  org.apache.juli.logging.DirectJDKLog 179 log - Destroying ProtocolHandler ["http-nio-10000"]
2018.06.28 10:28:24 CST INFO  org.springframework.boot.autoconfigure.logging.AutoConfigurationReportLoggingInitializer 101 logAutoConfigurationReport - 

Error starting ApplicationContext. To display the auto-configuration report re-run your application with 'debug' enabled.
2018.06.28 10:28:24 CST INFO  org.springframework.context.support.AbstractApplicationContext 984 doClose - Closing org.springframework.boot.context.embedded.AnnotationConfigEmbeddedWebApplicationContext@4278284b: startup date [Thu Jun 28 10:28:15 CST 2018]; root of context hierarchy
2018.06.28 10:28:24 CST INFO  org.springframework.jmx.export.MBeanExporter 449 destroy - Unregistering JMX-exposed beans on shutdown
2018.06.28 10:28:24 CST INFO  org.springframework.jmx.support.MBeanRegistrationSupport 241 unregisterBeans - Unregistering JMX-exposed beans
2018.06.28 10:28:56 CST INFO  org.springframework.boot.StartupInfoLogger 48 logStarting - Starting App on DESKTOP-F2E2N09 with PID 15672 (E:\IDEA_WORKSPACE\spdb01\target\classes started by zh-ma in E:\IDEA_WORKSPACE\spdb01)
2018.06.28 10:28:56 CST INFO  org.springframework.boot.SpringApplication 597 logStartupProfileInfo - The following profiles are active: dev
2018.06.28 10:28:56 CST INFO  org.hibernate.validator.internal.util.Version 30 <clinit> - HV000001: Hibernate Validator 5.4.1.Final
2018.06.28 10:28:56 CST INFO  org.springframework.context.support.AbstractApplicationContext 583 prepareRefresh - Refreshing org.springframework.boot.context.embedded.AnnotationConfigEmbeddedWebApplicationContext@4278284b: startup date [Thu Jun 28 10:28:56 CST 2018]; root of context hierarchy
2018.06.28 10:28:57 CST INFO  org.springframework.context.support.PostProcessorRegistrationDelegate$BeanPostProcessorChecker 327 postProcessAfterInitialization - Bean 'org.springframework.transaction.annotation.ProxyTransactionManagementConfiguration' of type [org.springframework.transaction.annotation.ProxyTransactionManagementConfiguration$$EnhancerBySpringCGLIB$$7e61a91] is not eligible for getting processed by all BeanPostProcessors (for example: not eligible for auto-proxying)
2018.06.28 10:28:58 CST INFO  org.springframework.context.support.PostProcessorRegistrationDelegate$BeanPostProcessorChecker 327 postProcessAfterInitialization - Bean 'mybatis-org.mybatis.spring.boot.autoconfigure.MybatisProperties' of type [org.mybatis.spring.boot.autoconfigure.MybatisProperties] is not eligible for getting processed by all BeanPostProcessors (for example: not eligible for auto-proxying)
2018.06.28 10:28:58 CST INFO  org.springframework.context.support.PostProcessorRegistrationDelegate$BeanPostProcessorChecker 327 postProcessAfterInitialization - Bean 'org.mybatis.spring.boot.autoconfigure.MybatisAutoConfiguration' of type [org.mybatis.spring.boot.autoconfigure.MybatisAutoConfiguration$$EnhancerBySpringCGLIB$$3aba6bc1] is not eligible for getting processed by all BeanPostProcessors (for example: not eligible for auto-proxying)
2018.06.28 10:28:58 CST INFO  org.springframework.context.support.PostProcessorRegistrationDelegate$BeanPostProcessorChecker 327 postProcessAfterInitialization - Bean 'druidDataSourceConfig' of type [com.logictech.config.DruidDataSourceConfig$$EnhancerBySpringCGLIB$$b0cc079a] is not eligible for getting processed by all BeanPostProcessors (for example: not eligible for auto-proxying)
2018.06.28 10:28:58 CST INFO  com.logictech.config.DruidDataSourceConfig 38 dataSource - init Druid Servlet Configuration 
2018.06.28 10:28:58 CST INFO  org.springframework.context.support.PostProcessorRegistrationDelegate$BeanPostProcessorChecker 327 postProcessAfterInitialization - Bean 'dataSource' of type [com.alibaba.druid.pool.DruidDataSource] is not eligible for getting processed by all BeanPostProcessors (for example: not eligible for auto-proxying)
2018.06.28 10:28:58 CST INFO  org.springframework.context.support.PostProcessorRegistrationDelegate$BeanPostProcessorChecker 327 postProcessAfterInitialization - Bean 'org.springframework.boot.autoconfigure.jdbc.DataSourceAutoConfiguration' of type [org.springframework.boot.autoconfigure.jdbc.DataSourceAutoConfiguration$$EnhancerBySpringCGLIB$$e9d9bdf1] is not eligible for getting processed by all BeanPostProcessors (for example: not eligible for auto-proxying)
2018.06.28 10:28:58 CST INFO  org.springframework.context.support.PostProcessorRegistrationDelegate$BeanPostProcessorChecker 327 postProcessAfterInitialization - Bean 'spring.datasource-org.springframework.boot.autoconfigure.jdbc.DataSourceProperties' of type [org.springframework.boot.autoconfigure.jdbc.DataSourceProperties] is not eligible for getting processed by all BeanPostProcessors (for example: not eligible for auto-proxying)
2018.06.28 10:28:58 CST INFO  org.springframework.context.support.PostProcessorRegistrationDelegate$BeanPostProcessorChecker 327 postProcessAfterInitialization - Bean 'dataSourceInitializer' of type [org.springframework.boot.autoconfigure.jdbc.DataSourceInitializer] is not eligible for getting processed by all BeanPostProcessors (for example: not eligible for auto-proxying)
2018.06.28 10:28:58 CST INFO  org.springframework.context.support.PostProcessorRegistrationDelegate$BeanPostProcessorChecker 327 postProcessAfterInitialization - Bean 'sqlSessionFactory' of type [org.apache.ibatis.session.defaults.DefaultSqlSessionFactory] is not eligible for getting processed by all BeanPostProcessors (for example: not eligible for auto-proxying)
2018.06.28 10:28:58 CST INFO  org.springframework.context.support.PostProcessorRegistrationDelegate$BeanPostProcessorChecker 327 postProcessAfterInitialization - Bean 'sqlSessionTemplate' of type [org.mybatis.spring.SqlSessionTemplate] is not eligible for getting processed by all BeanPostProcessors (for example: not eligible for auto-proxying)
2018.06.28 10:28:58 CST INFO  org.springframework.context.support.PostProcessorRegistrationDelegate$BeanPostProcessorChecker 327 postProcessAfterInitialization - Bean 'sysTokenMapper' of type [org.mybatis.spring.mapper.MapperFactoryBean] is not eligible for getting processed by all BeanPostProcessors (for example: not eligible for auto-proxying)
2018.06.28 10:28:58 CST INFO  org.springframework.context.support.PostProcessorRegistrationDelegate$BeanPostProcessorChecker 327 postProcessAfterInitialization - Bean 'sysTokenMapper' of type [com.sun.proxy.$Proxy89] is not eligible for getting processed by all BeanPostProcessors (for example: not eligible for auto-proxying)
2018.06.28 10:28:58 CST INFO  org.springframework.context.support.PostProcessorRegistrationDelegate$BeanPostProcessorChecker 327 postProcessAfterInitialization - Bean 'commonService' of type [com.logictech.service.CommonService] is not eligible for getting processed by all BeanPostProcessors (for example: not eligible for auto-proxying)
2018.06.28 10:28:58 CST INFO  org.springframework.context.support.PostProcessorRegistrationDelegate$BeanPostProcessorChecker 327 postProcessAfterInitialization - Bean 'currentUserInterceptorConfig' of type [com.logictech.config.CurrentUserInterceptorConfig] is not eligible for getting processed by all BeanPostProcessors (for example: not eligible for auto-proxying)
2018.06.28 10:28:58 CST INFO  org.springframework.context.support.PostProcessorRegistrationDelegate$BeanPostProcessorChecker 327 postProcessAfterInitialization - Bean 'userInfoMapper' of type [org.mybatis.spring.mapper.MapperFactoryBean] is not eligible for getting processed by all BeanPostProcessors (for example: not eligible for auto-proxying)
2018.06.28 10:28:58 CST INFO  org.springframework.context.support.PostProcessorRegistrationDelegate$BeanPostProcessorChecker 327 postProcessAfterInitialization - Bean 'userInfoMapper' of type [com.sun.proxy.$Proxy91] is not eligible for getting processed by all BeanPostProcessors (for example: not eligible for auto-proxying)
2018.06.28 10:28:58 CST INFO  org.springframework.context.support.PostProcessorRegistrationDelegate$BeanPostProcessorChecker 327 postProcessAfterInitialization - Bean 'userServiceImpl' of type [com.logictech.service.impl.UserServiceImpl] is not eligible for getting processed by all BeanPostProcessors (for example: not eligible for auto-proxying)
2018.06.28 10:28:58 CST INFO  org.springframework.context.support.PostProcessorRegistrationDelegate$BeanPostProcessorChecker 327 postProcessAfterInitialization - Bean 'currentUserMonitor' of type [com.logictech.security.CurrentUserMonitor] is not eligible for getting processed by all BeanPostProcessors (for example: not eligible for auto-proxying)
2018.06.28 10:28:58 CST INFO  org.springframework.context.support.PostProcessorRegistrationDelegate$BeanPostProcessorChecker 327 postProcessAfterInitialization - Bean 'webMvcConfig' of type [com.logictech.config.WebMvcConfig$$EnhancerBySpringCGLIB$$bf7c6b03] is not eligible for getting processed by all BeanPostProcessors (for example: not eligible for auto-proxying)
2018.06.28 10:28:58 CST INFO  org.springframework.boot.context.embedded.tomcat.TomcatEmbeddedServletContainer 89 initialize - Tomcat initialized with port(s): 10000 (http)
2018.06.28 10:28:58 CST INFO  org.apache.juli.logging.DirectJDKLog 179 log - Starting service [Tomcat]
2018.06.28 10:28:58 CST INFO  org.apache.juli.logging.DirectJDKLog 179 log - Starting Servlet Engine: Apache Tomcat/8.5.23
2018.06.28 10:28:59 CST INFO  org.apache.juli.logging.DirectJDKLog 179 log - Initializing Spring embedded WebApplicationContext
2018.06.28 10:28:59 CST INFO  org.springframework.boot.context.embedded.EmbeddedWebApplicationContext 276 prepareEmbeddedWebApplicationContext - Root WebApplicationContext: initialization completed in 2406 ms
2018.06.28 10:28:59 CST INFO  org.springframework.boot.web.servlet.ServletRegistrationBean 190 onStartup - Mapping servlet: 'statViewServlet' to [/dd/*]
2018.06.28 10:28:59 CST INFO  org.springframework.boot.web.servlet.ServletRegistrationBean 190 onStartup - Mapping servlet: 'dispatcherServlet' to [/]
2018.06.28 10:28:59 CST INFO  org.springframework.boot.web.servlet.AbstractFilterRegistrationBean 258 configure - Mapping filter: 'characterEncodingFilter' to: [/*]
2018.06.28 10:28:59 CST INFO  org.springframework.boot.web.servlet.AbstractFilterRegistrationBean 271 configure - Mapping filter: 'webStatFilter' to urls: [/*]
2018.06.28 10:28:59 CST INFO  org.springframework.boot.web.servlet.AbstractFilterRegistrationBean 258 configure - Mapping filter: 'resourceUrlEncodingFilter' to: [/*]
2018.06.28 10:28:59 CST INFO  org.springframework.web.servlet.handler.AbstractHandlerMethodMapping$MappingRegistry 543 register - Mapped "{[/error]}" onto public java.lang.String com.logictech.config.NotFoundPageConfig.handleError()
2018.06.28 10:28:59 CST INFO  org.springframework.web.servlet.handler.AbstractHandlerMethodMapping$MappingRegistry 543 register - Mapped "{[/admin/login]}" onto public java.util.Map<java.lang.String, java.lang.Object> com.logictech.web.AdminUserController.login(com.logictech.entity.dto.UserInfo) throws java.lang.Exception
2018.06.28 10:28:59 CST INFO  org.springframework.web.servlet.handler.AbstractHandlerMethodMapping$MappingRegistry 543 register - Mapped "{[/customer/addCustomer]}" onto public boolean com.logictech.web.CustomerController.addCustomer(com.logictech.entity.dto.UserInfo,com.logictech.entity.dto.CustomerInfo) throws java.lang.Exception
2018.06.28 10:28:59 CST INFO  org.springframework.web.servlet.handler.AbstractHandlerMethodMapping$MappingRegistry 543 register - Mapped "{[/customer/getCustomer]}" onto public com.logictech.entity.dto.CustomerInfo com.logictech.web.CustomerController.getCustomer(java.lang.String) throws java.lang.Exception
2018.06.28 10:28:59 CST INFO  org.springframework.web.servlet.handler.AbstractHandlerMethodMapping$MappingRegistry 543 register - Mapped "{[/customer/initCustomer]}" onto public com.logictech.entity.dto.CustomerInfo com.logictech.web.CustomerController.initCustomer(java.lang.Integer) throws java.lang.Exception
2018.06.28 10:28:59 CST INFO  org.springframework.web.servlet.handler.AbstractHandlerMethodMapping$MappingRegistry 543 register - Mapped "{[/customer/listCustomer]}" onto public java.util.List<com.logictech.entity.dto.CustomerInfo> com.logictech.web.CustomerController.listCustomer(com.logictech.entity.dto.UserInfo,java.lang.String) throws java.lang.Exception
2018.06.28 10:28:59 CST INFO  org.springframework.web.servlet.handler.AbstractHandlerMethodMapping$MappingRegistry 543 register - Mapped "{[/customer/modifyCustomer]}" onto public boolean com.logictech.web.CustomerController.modifyCustomer(com.logictech.entity.dto.UserInfo,com.logictech.entity.dto.CustomerInfo) throws java.lang.Exception
2018.06.28 10:28:59 CST INFO  org.springframework.web.servlet.handler.AbstractHandlerMethodMapping$MappingRegistry 543 register - Mapped "{[/customer/deleteCustomer]}" onto public boolean com.logictech.web.CustomerController.deleteCustomer(com.logictech.entity.dto.UserInfo,com.logictech.entity.dto.CustomerInfo) throws java.lang.Exception
2018.06.28 10:28:59 CST INFO  org.springframework.web.servlet.handler.AbstractUrlHandlerMapping 362 registerHandler - Mapped URL path [/**] onto handler of type [class org.springframework.web.servlet.resource.ResourceHttpRequestHandler]
2018.06.28 10:28:59 CST INFO  org.springframework.web.servlet.mvc.method.annotation.RequestMappingHandlerAdapter 534 initControllerAdviceCache - Looking for @ControllerAdvice: org.springframework.boot.context.embedded.AnnotationConfigEmbeddedWebApplicationContext@4278284b: startup date [Thu Jun 28 10:28:56 CST 2018]; root of context hierarchy
2018.06.28 10:28:59 CST INFO  org.springframework.web.servlet.mvc.method.annotation.RequestMappingHandlerAdapter 566 initControllerAdviceCache - Detected ResponseBodyAdvice bean in responseConfig
2018.06.28 10:28:59 CST INFO  org.springframework.web.servlet.mvc.method.annotation.ExceptionHandlerExceptionResolver 273 initExceptionHandlerAdviceCache - Detected @ExceptionHandler methods in globalExceptionConfig
2018.06.28 10:28:59 CST INFO  org.springframework.web.servlet.mvc.method.annotation.ExceptionHandlerExceptionResolver 279 initExceptionHandlerAdviceCache - Detected ResponseBodyAdvice implementation in responseConfig
2018.06.28 10:29:00 CST INFO  org.springframework.jmx.export.MBeanExporter 431 afterSingletonsInstantiated - Registering beans for JMX exposure on startup
2018.06.28 10:29:00 CST INFO  org.springframework.jmx.export.MBeanExporter 916 autodetect - Bean with name 'dataSource' has been autodetected for JMX exposure
2018.06.28 10:29:00 CST INFO  org.springframework.jmx.export.MBeanExporter 671 registerBeanInstance - Located MBean 'dataSource': registering with JMX server as MBean [com.alibaba.druid.pool:name=dataSource,type=DruidDataSource]
2018.06.28 10:29:00 CST INFO  org.apache.juli.logging.DirectJDKLog 179 log - Initializing ProtocolHandler ["http-nio-10000"]
2018.06.28 10:29:00 CST INFO  org.apache.juli.logging.DirectJDKLog 179 log - Starting ProtocolHandler ["http-nio-10000"]
2018.06.28 10:29:00 CST INFO  org.apache.juli.logging.DirectJDKLog 179 log - Using a shared selector for servlet write/read
2018.06.28 10:29:00 CST INFO  org.springframework.boot.context.embedded.tomcat.TomcatEmbeddedServletContainer 201 start - Tomcat started on port(s): 10000 (http)
2018.06.28 10:29:00 CST INFO  org.springframework.boot.StartupInfoLogger 57 logStarted - Started App in 5.608 seconds (JVM running for 7.251)
2018.06.28 10:29:00 CST INFO  com.logictech.App 28 main - 项目启动成功,环境配置为:dev
2018.06.28 10:29:00 CST INFO  com.logictech.App 30 main - 启动主页为: http://127.0.0.1:10000/
2018.06.28 10:30:47 CST INFO  org.apache.juli.logging.DirectJDKLog 179 log - Initializing Spring FrameworkServlet 'dispatcherServlet'
2018.06.28 10:30:47 CST INFO  org.springframework.web.servlet.FrameworkServlet 489 initServletBean - FrameworkServlet 'dispatcherServlet': initialization started
2018.06.28 10:30:47 CST INFO  org.springframework.web.servlet.FrameworkServlet 508 initServletBean - FrameworkServlet 'dispatcherServlet': initialization completed in 37 ms
2018.06.28 10:30:47 CST INFO  com.logictech.aop.ControllerAop 55 doBefore - ##########|    URL : http://localhost:10000/admin/login
2018.06.28 10:30:47 CST INFO  com.logictech.aop.ControllerAop 56 doBefore - ##########|    HTTP_METHOD : POST
2018.06.28 10:30:47 CST INFO  com.logictech.aop.ControllerAop 57 doBefore - ##########|    IP : 127.0.0.1
2018.06.28 10:30:47 CST INFO  com.logictech.aop.ControllerAop 58 doBefore - ##########|    CLASS_METHOD : com.logictech.web.AdminUserController.login
2018.06.28 10:30:47 CST INFO  com.logictech.web.AdminUserController 35 login - 获得企业客户信息列表
2018.06.28 10:30:48 CST INFO  com.alibaba.druid.support.logging.Log4j2Impl 106 info - {dataSource-1} inited
2018.06.28 10:30:49 CST INFO  com.logictech.aop.ControllerAop 115 interceptor - ##########|    执行 com.logictech.web.AdminUserController.login 方法, 用时: 2336 ms.
2018.06.28 10:30:49 CST INFO  com.logictech.aop.ControllerAop 118 interceptor - ====================================================
2018.06.28 10:30:49 CST INFO  com.logictech.aop.ControllerAop 98 doAfterReturning - ##########|    RESPONSE : {"tokenExpired":1530156649277,"userId":1,"token":"eyJhbGciOiJIUzUxMiJ9.eyJzdWIiOiIxIiwiZXhwIjoxNTMwMTU2NjQ5fQ.MOaQ5yj8D7SPLBaVFlBSCwJRd2NLdAY9AY2ImytZ-Y2kK63s6zAFl5dHzuPCgk7FVq0v8Ze1IfbKFA_QJ_BixA"}
2018.06.28 10:30:49 CST INFO  com.logictech.aop.ControllerAop 99 doAfterReturning - ====================================================
2018.06.28 10:30:51 CST INFO  com.logictech.aop.ControllerAop 55 doBefore - ##########|    URL : http://localhost:10000/customer/listCustomer
2018.06.28 10:30:51 CST INFO  com.logictech.aop.ControllerAop 56 doBefore - ##########|    HTTP_METHOD : GET
2018.06.28 10:30:51 CST INFO  com.logictech.aop.ControllerAop 57 doBefore - ##########|    IP : 127.0.0.1
2018.06.28 10:30:51 CST INFO  com.logictech.aop.ControllerAop 58 doBefore - ##########|    CLASS_METHOD : com.logictech.web.CustomerController.listCustomer
2018.06.28 10:30:51 CST INFO  com.logictech.web.CustomerController 64 listCustomer - 获得企业客户信息列表
2018.06.28 10:30:51 CST INFO  com.logictech.aop.ControllerAop 118 interceptor - ====================================================
2018.06.28 10:30:51 CST INFO  com.logictech.aop.ControllerAop 98 doAfterReturning - ##########|    RESPONSE : [{"createTime":1529568756000,"createUser":"admin","customerCode":"101","customerName":"MA测试4","deleted":"0","id":4,"logId":1,"openDate":3,"status":"3","updateTime":1529918518000,"updateUser":"admin"},{"createTime":1529568829000,"createUser":"admin","customerCode":"120","customerName":"MA测试5","deleted":"0","id":5,"logId":1,"openDate":0,"status":"1","updateTime":1529568829000,"updateUser":"admin"},{"createTime":1529566416000,"createUser":"admin","customerCode":"12345678","customerName":"MA测试2","deleted":"0","id":6,"logId":1,"openDate":3,"status":"3","updateTime":1529576314000,"updateUser":"admin"},{"createTime":1529576751000,"createUser":"admin","customerCode":"1232141234","customerName":"MA测试8","deleted":"0","id":10,"logId":1,"openDate":0,"status":"1","updateTime":1529576751000,"updateUser":"admin"},{"createTime":1529576876000,"createUser":"admin","customerCode":"dfsdefe","customerName":"MA测试9","deleted":"0","id":11,"logId":1,"openDate":0,"status":"2","updateTime":1529576876000,"updateUser":"admin"}]
2018.06.28 10:30:51 CST INFO  com.logictech.aop.ControllerAop 99 doAfterReturning - ====================================================
2018.06.28 10:30:55 CST INFO  com.logictech.aop.ControllerAop 55 doBefore - ##########|    URL : http://localhost:10000/customer/listCustomer
2018.06.28 10:30:55 CST INFO  com.logictech.aop.ControllerAop 56 doBefore - ##########|    HTTP_METHOD : GET
2018.06.28 10:30:55 CST INFO  com.logictech.aop.ControllerAop 57 doBefore - ##########|    IP : 127.0.0.1
2018.06.28 10:30:55 CST INFO  com.logictech.aop.ControllerAop 58 doBefore - ##########|    CLASS_METHOD : com.logictech.web.CustomerController.listCustomer
2018.06.28 10:30:55 CST INFO  com.logictech.web.CustomerController 64 listCustomer - 获得企业客户信息列表
2018.06.28 10:30:56 CST INFO  com.logictech.aop.ControllerAop 118 interceptor - ====================================================
2018.06.28 10:30:56 CST INFO  com.logictech.aop.ControllerAop 98 doAfterReturning - ##########|    RESPONSE : [{"createTime":1528945196000,"createUser":"admin","customerCode":"123","customerName":"MA测试1","deleted":"0","id":1,"logId":1,"openDate":3,"status":"4","updateTime":1528945198000,"updateUser":"admin"},{"createTime":1529568756000,"createUser":"admin","customerCode":"101","customerName":"MA测试4","deleted":"0","id":4,"logId":1,"openDate":3,"status":"3","updateTime":1529918518000,"updateUser":"admin"},{"createTime":1529568829000,"createUser":"admin","customerCode":"120","customerName":"MA测试5","deleted":"0","id":5,"logId":1,"openDate":0,"status":"1","updateTime":1529568829000,"updateUser":"admin"},{"createTime":1529566416000,"createUser":"admin","customerCode":"12345678","customerName":"MA测试2","deleted":"0","id":6,"logId":1,"openDate":3,"status":"3","updateTime":1529576314000,"updateUser":"admin"},{"createTime":1529576751000,"createUser":"admin","customerCode":"1232141234","customerName":"MA测试8","deleted":"0","id":10,"logId":1,"openDate":0,"status":"1","updateTime":1529576751000,"updateUser":"admin"}]
2018.06.28 10:30:56 CST INFO  com.logictech.aop.ControllerAop 99 doAfterReturning - ====================================================
2018.06.28 10:30:59 CST INFO  com.logictech.aop.ControllerAop 55 doBefore - ##########|    URL : http://localhost:10000/customer/listCustomer
2018.06.28 10:30:59 CST INFO  com.logictech.aop.ControllerAop 56 doBefore - ##########|    HTTP_METHOD : GET
2018.06.28 10:30:59 CST INFO  com.logictech.aop.ControllerAop 57 doBefore - ##########|    IP : 127.0.0.1
2018.06.28 10:30:59 CST INFO  com.logictech.aop.ControllerAop 58 doBefore - ##########|    CLASS_METHOD : com.logictech.web.CustomerController.listCustomer
2018.06.28 10:30:59 CST INFO  com.logictech.web.CustomerController 64 listCustomer - 获得企业客户信息列表
2018.06.28 10:30:59 CST INFO  com.logictech.aop.ControllerAop 118 interceptor - ====================================================
2018.06.28 10:30:59 CST INFO  com.logictech.aop.ControllerAop 98 doAfterReturning - ##########|    RESPONSE : [{"createTime":1528945196000,"createUser":"admin","customerCode":"123","customerName":"MA测试1","deleted":"0","id":1,"logId":1,"openDate":3,"status":"4","updateTime":1528945198000,"updateUser":"admin"},{"createTime":1529568829000,"createUser":"admin","customerCode":"120","customerName":"MA测试5","deleted":"0","id":5,"logId":1,"openDate":0,"status":"1","updateTime":1529568829000,"updateUser":"admin"},{"createTime":1529566416000,"createUser":"admin","customerCode":"12345678","customerName":"MA测试2","deleted":"0","id":6,"logId":1,"openDate":3,"status":"3","updateTime":1529576314000,"updateUser":"admin"},{"createTime":1529576751000,"createUser":"admin","customerCode":"1232141234","customerName":"MA测试8","deleted":"0","id":10,"logId":1,"openDate":0,"status":"1","updateTime":1529576751000,"updateUser":"admin"}]
2018.06.28 10:30:59 CST INFO  com.logictech.aop.ControllerAop 99 doAfterReturning - ====================================================
2018.06.28 10:31:05 CST INFO  com.logictech.aop.ControllerAop 55 doBefore - ##########|    URL : http://localhost:10000/customer/listCustomer
2018.06.28 10:31:05 CST INFO  com.logictech.aop.ControllerAop 56 doBefore - ##########|    HTTP_METHOD : GET
2018.06.28 10:31:05 CST INFO  com.logictech.aop.ControllerAop 57 doBefore - ##########|    IP : 127.0.0.1
2018.06.28 10:31:05 CST INFO  com.logictech.aop.ControllerAop 58 doBefore - ##########|    CLASS_METHOD : com.logictech.web.CustomerController.listCustomer
2018.06.28 10:31:05 CST INFO  com.logictech.web.CustomerController 64 listCustomer - 获得企业客户信息列表
2018.06.28 10:31:05 CST INFO  com.logictech.aop.ControllerAop 118 interceptor - ====================================================
2018.06.28 10:31:05 CST INFO  com.logictech.aop.ControllerAop 98 doAfterReturning - ##########|    RESPONSE : [{"createTime":1529576751000,"createUser":"admin","customerCode":"1232141234","customerName":"MA测试8","deleted":"0","id":10,"logId":1,"openDate":0,"status":"1","updateTime":1529576751000,"updateUser":"admin"}]
2018.06.28 10:31:05 CST INFO  com.logictech.aop.ControllerAop 99 doAfterReturning - ====================================================
2018.06.28 11:27:27 CST INFO  org.springframework.boot.StartupInfoLogger 48 logStarting - Starting App on DESKTOP-F2E2N09 with PID 15472 (E:\IDEA_WORKSPACE\spdb01\target\classes started by zh-ma in E:\IDEA_WORKSPACE\spdb01)
2018.06.28 11:27:27 CST INFO  org.springframework.boot.SpringApplication 597 logStartupProfileInfo - The following profiles are active: pro
2018.06.28 11:27:27 CST INFO  org.hibernate.validator.internal.util.Version 30 <clinit> - HV000001: Hibernate Validator 5.4.1.Final
2018.06.28 11:27:27 CST INFO  org.springframework.context.support.AbstractApplicationContext 583 prepareRefresh - Refreshing org.springframework.boot.context.embedded.AnnotationConfigEmbeddedWebApplicationContext@4278284b: startup date [Thu Jun 28 11:27:27 CST 2018]; root of context hierarchy
2018.06.28 11:27:28 CST INFO  org.springframework.context.support.PostProcessorRegistrationDelegate$BeanPostProcessorChecker 327 postProcessAfterInitialization - Bean 'org.springframework.transaction.annotation.ProxyTransactionManagementConfiguration' of type [org.springframework.transaction.annotation.ProxyTransactionManagementConfiguration$$EnhancerBySpringCGLIB$$318f9b92] is not eligible for getting processed by all BeanPostProcessors (for example: not eligible for auto-proxying)
2018.06.28 11:27:28 CST INFO  org.springframework.context.support.PostProcessorRegistrationDelegate$BeanPostProcessorChecker 327 postProcessAfterInitialization - Bean 'mybatis-org.mybatis.spring.boot.autoconfigure.MybatisProperties' of type [org.mybatis.spring.boot.autoconfigure.MybatisProperties] is not eligible for getting processed by all BeanPostProcessors (for example: not eligible for auto-proxying)
2018.06.28 11:27:28 CST INFO  org.springframework.context.support.PostProcessorRegistrationDelegate$BeanPostProcessorChecker 327 postProcessAfterInitialization - Bean 'org.mybatis.spring.boot.autoconfigure.MybatisAutoConfiguration' of type [org.mybatis.spring.boot.autoconfigure.MybatisAutoConfiguration$$EnhancerBySpringCGLIB$$6463ecc2] is not eligible for getting processed by all BeanPostProcessors (for example: not eligible for auto-proxying)
2018.06.28 11:27:28 CST INFO  org.springframework.context.support.PostProcessorRegistrationDelegate$BeanPostProcessorChecker 327 postProcessAfterInitialization - Bean 'druidDataSourceConfig' of type [com.logictech.config.DruidDataSourceConfig$$EnhancerBySpringCGLIB$$da75889b] is not eligible for getting processed by all BeanPostProcessors (for example: not eligible for auto-proxying)
2018.06.28 11:27:28 CST INFO  com.logictech.config.DruidDataSourceConfig 38 dataSource - init Druid Servlet Configuration 
2018.06.28 11:27:28 CST INFO  org.springframework.context.support.PostProcessorRegistrationDelegate$BeanPostProcessorChecker 327 postProcessAfterInitialization - Bean 'dataSource' of type [com.alibaba.druid.pool.DruidDataSource] is not eligible for getting processed by all BeanPostProcessors (for example: not eligible for auto-proxying)
2018.06.28 11:27:29 CST INFO  org.springframework.context.support.PostProcessorRegistrationDelegate$BeanPostProcessorChecker 327 postProcessAfterInitialization - Bean 'org.springframework.boot.autoconfigure.jdbc.DataSourceAutoConfiguration' of type [org.springframework.boot.autoconfigure.jdbc.DataSourceAutoConfiguration$$EnhancerBySpringCGLIB$$13833ef2] is not eligible for getting processed by all BeanPostProcessors (for example: not eligible for auto-proxying)
2018.06.28 11:27:29 CST INFO  org.springframework.context.support.PostProcessorRegistrationDelegate$BeanPostProcessorChecker 327 postProcessAfterInitialization - Bean 'spring.datasource-org.springframework.boot.autoconfigure.jdbc.DataSourceProperties' of type [org.springframework.boot.autoconfigure.jdbc.DataSourceProperties] is not eligible for getting processed by all BeanPostProcessors (for example: not eligible for auto-proxying)
2018.06.28 11:27:29 CST INFO  org.springframework.context.support.PostProcessorRegistrationDelegate$BeanPostProcessorChecker 327 postProcessAfterInitialization - Bean 'dataSourceInitializer' of type [org.springframework.boot.autoconfigure.jdbc.DataSourceInitializer] is not eligible for getting processed by all BeanPostProcessors (for example: not eligible for auto-proxying)
2018.06.28 11:27:29 CST INFO  org.springframework.context.support.PostProcessorRegistrationDelegate$BeanPostProcessorChecker 327 postProcessAfterInitialization - Bean 'sqlSessionFactory' of type [org.apache.ibatis.session.defaults.DefaultSqlSessionFactory] is not eligible for getting processed by all BeanPostProcessors (for example: not eligible for auto-proxying)
2018.06.28 11:27:29 CST INFO  org.springframework.context.support.PostProcessorRegistrationDelegate$BeanPostProcessorChecker 327 postProcessAfterInitialization - Bean 'sqlSessionTemplate' of type [org.mybatis.spring.SqlSessionTemplate] is not eligible for getting processed by all BeanPostProcessors (for example: not eligible for auto-proxying)
2018.06.28 11:27:29 CST INFO  org.springframework.context.support.PostProcessorRegistrationDelegate$BeanPostProcessorChecker 327 postProcessAfterInitialization - Bean 'sysTokenMapper' of type [org.mybatis.spring.mapper.MapperFactoryBean] is not eligible for getting processed by all BeanPostProcessors (for example: not eligible for auto-proxying)
2018.06.28 11:27:29 CST INFO  org.springframework.context.support.PostProcessorRegistrationDelegate$BeanPostProcessorChecker 327 postProcessAfterInitialization - Bean 'sysTokenMapper' of type [com.sun.proxy.$Proxy89] is not eligible for getting processed by all BeanPostProcessors (for example: not eligible for auto-proxying)
2018.06.28 11:27:29 CST INFO  org.springframework.context.support.PostProcessorRegistrationDelegate$BeanPostProcessorChecker 327 postProcessAfterInitialization - Bean 'commonService' of type [com.logictech.service.CommonService] is not eligible for getting processed by all BeanPostProcessors (for example: not eligible for auto-proxying)
2018.06.28 11:27:29 CST INFO  org.springframework.context.support.PostProcessorRegistrationDelegate$BeanPostProcessorChecker 327 postProcessAfterInitialization - Bean 'currentUserInterceptorConfig' of type [com.logictech.config.CurrentUserInterceptorConfig] is not eligible for getting processed by all BeanPostProcessors (for example: not eligible for auto-proxying)
2018.06.28 11:27:29 CST INFO  org.springframework.context.support.PostProcessorRegistrationDelegate$BeanPostProcessorChecker 327 postProcessAfterInitialization - Bean 'userInfoMapper' of type [org.mybatis.spring.mapper.MapperFactoryBean] is not eligible for getting processed by all BeanPostProcessors (for example: not eligible for auto-proxying)
2018.06.28 11:27:29 CST INFO  org.springframework.context.support.PostProcessorRegistrationDelegate$BeanPostProcessorChecker 327 postProcessAfterInitialization - Bean 'userInfoMapper' of type [com.sun.proxy.$Proxy91] is not eligible for getting processed by all BeanPostProcessors (for example: not eligible for auto-proxying)
2018.06.28 11:27:29 CST INFO  org.springframework.context.support.PostProcessorRegistrationDelegate$BeanPostProcessorChecker 327 postProcessAfterInitialization - Bean 'userServiceImpl' of type [com.logictech.service.impl.UserServiceImpl] is not eligible for getting processed by all BeanPostProcessors (for example: not eligible for auto-proxying)
2018.06.28 11:27:29 CST INFO  org.springframework.context.support.PostProcessorRegistrationDelegate$BeanPostProcessorChecker 327 postProcessAfterInitialization - Bean 'currentUserMonitor' of type [com.logictech.security.CurrentUserMonitor] is not eligible for getting processed by all BeanPostProcessors (for example: not eligible for auto-proxying)
2018.06.28 11:27:29 CST INFO  org.springframework.context.support.PostProcessorRegistrationDelegate$BeanPostProcessorChecker 327 postProcessAfterInitialization - Bean 'webMvcConfig' of type [com.logictech.config.WebMvcConfig$$EnhancerBySpringCGLIB$$e925ec04] is not eligible for getting processed by all BeanPostProcessors (for example: not eligible for auto-proxying)
2018.06.28 11:27:29 CST INFO  org.springframework.boot.context.embedded.tomcat.TomcatEmbeddedServletContainer 89 initialize - Tomcat initialized with port(s): 10002 (http)
2018.06.28 11:27:29 CST INFO  org.apache.juli.logging.DirectJDKLog 179 log - Starting service [Tomcat]
2018.06.28 11:27:29 CST INFO  org.apache.juli.logging.DirectJDKLog 179 log - Starting Servlet Engine: Apache Tomcat/8.5.23
2018.06.28 11:27:29 CST INFO  org.apache.juli.logging.DirectJDKLog 179 log - Initializing Spring embedded WebApplicationContext
2018.06.28 11:27:29 CST INFO  org.springframework.boot.context.embedded.EmbeddedWebApplicationContext 276 prepareEmbeddedWebApplicationContext - Root WebApplicationContext: initialization completed in 2283 ms
2018.06.28 11:27:30 CST INFO  org.springframework.boot.web.servlet.ServletRegistrationBean 190 onStartup - Mapping servlet: 'statViewServlet' to [/dd/*]
2018.06.28 11:27:30 CST INFO  org.springframework.boot.web.servlet.ServletRegistrationBean 190 onStartup - Mapping servlet: 'dispatcherServlet' to [/]
2018.06.28 11:27:30 CST INFO  org.springframework.boot.web.servlet.AbstractFilterRegistrationBean 258 configure - Mapping filter: 'characterEncodingFilter' to: [/*]
2018.06.28 11:27:30 CST INFO  org.springframework.boot.web.servlet.AbstractFilterRegistrationBean 271 configure - Mapping filter: 'webStatFilter' to urls: [/*]
2018.06.28 11:27:30 CST INFO  org.springframework.boot.web.servlet.AbstractFilterRegistrationBean 258 configure - Mapping filter: 'resourceUrlEncodingFilter' to: [/*]
2018.06.28 11:27:30 CST INFO  org.springframework.web.servlet.handler.AbstractHandlerMethodMapping$MappingRegistry 543 register - Mapped "{[/error]}" onto public java.lang.String com.logictech.config.NotFoundPageConfig.handleError()
2018.06.28 11:27:30 CST INFO  org.springframework.web.servlet.handler.AbstractHandlerMethodMapping$MappingRegistry 543 register - Mapped "{[/admin/login]}" onto public java.util.Map<java.lang.String, java.lang.Object> com.logictech.web.AdminUserController.login(com.logictech.entity.dto.UserInfo) throws java.lang.Exception
2018.06.28 11:27:30 CST INFO  org.springframework.web.servlet.handler.AbstractHandlerMethodMapping$MappingRegistry 543 register - Mapped "{[/customer/initCustomer]}" onto public com.logictech.entity.dto.CustomerInfo com.logictech.web.CustomerController.initCustomer(java.lang.Integer) throws java.lang.Exception
2018.06.28 11:27:30 CST INFO  org.springframework.web.servlet.handler.AbstractHandlerMethodMapping$MappingRegistry 543 register - Mapped "{[/customer/listCustomer]}" onto public java.util.List<com.logictech.entity.dto.CustomerInfo> com.logictech.web.CustomerController.listCustomer(com.logictech.entity.dto.UserInfo,java.lang.String) throws java.lang.Exception
2018.06.28 11:27:30 CST INFO  org.springframework.web.servlet.handler.AbstractHandlerMethodMapping$MappingRegistry 543 register - Mapped "{[/customer/deleteCustomer]}" onto public boolean com.logictech.web.CustomerController.deleteCustomer(com.logictech.entity.dto.UserInfo,com.logictech.entity.dto.CustomerInfo) throws java.lang.Exception
2018.06.28 11:27:30 CST INFO  org.springframework.web.servlet.handler.AbstractHandlerMethodMapping$MappingRegistry 543 register - Mapped "{[/customer/getCustomer]}" onto public com.logictech.entity.dto.CustomerInfo com.logictech.web.CustomerController.getCustomer(java.lang.String) throws java.lang.Exception
2018.06.28 11:27:30 CST INFO  org.springframework.web.servlet.handler.AbstractHandlerMethodMapping$MappingRegistry 543 register - Mapped "{[/customer/addCustomer]}" onto public boolean com.logictech.web.CustomerController.addCustomer(com.logictech.entity.dto.UserInfo,com.logictech.entity.dto.CustomerInfo) throws java.lang.Exception
2018.06.28 11:27:30 CST INFO  org.springframework.web.servlet.handler.AbstractHandlerMethodMapping$MappingRegistry 543 register - Mapped "{[/customer/modifyCustomer]}" onto public boolean com.logictech.web.CustomerController.modifyCustomer(com.logictech.entity.dto.UserInfo,com.logictech.entity.dto.CustomerInfo) throws java.lang.Exception
2018.06.28 11:27:30 CST INFO  org.springframework.web.servlet.handler.AbstractUrlHandlerMapping 362 registerHandler - Mapped URL path [/**] onto handler of type [class org.springframework.web.servlet.resource.ResourceHttpRequestHandler]
2018.06.28 11:27:30 CST INFO  org.springframework.web.servlet.mvc.method.annotation.RequestMappingHandlerAdapter 534 initControllerAdviceCache - Looking for @ControllerAdvice: org.springframework.boot.context.embedded.AnnotationConfigEmbeddedWebApplicationContext@4278284b: startup date [Thu Jun 28 11:27:27 CST 2018]; root of context hierarchy
2018.06.28 11:27:30 CST INFO  org.springframework.web.servlet.mvc.method.annotation.RequestMappingHandlerAdapter 566 initControllerAdviceCache - Detected ResponseBodyAdvice bean in responseConfig
2018.06.28 11:27:30 CST INFO  org.springframework.web.servlet.mvc.method.annotation.ExceptionHandlerExceptionResolver 273 initExceptionHandlerAdviceCache - Detected @ExceptionHandler methods in globalExceptionConfig
2018.06.28 11:27:30 CST INFO  org.springframework.web.servlet.mvc.method.annotation.ExceptionHandlerExceptionResolver 279 initExceptionHandlerAdviceCache - Detected ResponseBodyAdvice implementation in responseConfig
2018.06.28 11:27:31 CST INFO  org.springframework.jmx.export.MBeanExporter 431 afterSingletonsInstantiated - Registering beans for JMX exposure on startup
2018.06.28 11:27:31 CST INFO  org.springframework.jmx.export.MBeanExporter 916 autodetect - Bean with name 'dataSource' has been autodetected for JMX exposure
2018.06.28 11:27:31 CST INFO  org.springframework.jmx.export.MBeanExporter 671 registerBeanInstance - Located MBean 'dataSource': registering with JMX server as MBean [com.alibaba.druid.pool:name=dataSource,type=DruidDataSource]
2018.06.28 11:27:31 CST INFO  org.apache.juli.logging.DirectJDKLog 179 log - Initializing ProtocolHandler ["http-nio-10002"]
2018.06.28 11:27:31 CST INFO  org.apache.juli.logging.DirectJDKLog 179 log - Starting ProtocolHandler ["http-nio-10002"]
2018.06.28 11:27:31 CST INFO  org.apache.juli.logging.DirectJDKLog 179 log - Using a shared selector for servlet write/read
2018.06.28 11:27:31 CST INFO  org.springframework.boot.context.embedded.tomcat.TomcatEmbeddedServletContainer 201 start - Tomcat started on port(s): 10002 (http)
2018.06.28 11:27:31 CST INFO  org.springframework.boot.StartupInfoLogger 57 logStarted - Started App in 5.247 seconds (JVM running for 6.436)
2018.06.28 11:27:31 CST INFO  com.logictech.App 28 main - 项目启动成功,环境配置为:pro
2018.06.28 11:27:31 CST INFO  com.logictech.App 30 main - 启动主页为: http://127.0.0.1:10002/
